c:\projects\opengl-window-deez\opengl-window-deez\x64\debug\vc143.pdb
c:\projects\opengl-window-deez\opengl-window-deez\x64\debug\vc143.idb
c:\projects\opengl-window-deez\opengl-window-deez\x64\debug\application.obj
c:\projects\opengl-window-deez\x64\debug\opengl-window-deez.pdb
c:\projects\opengl-window-deez\opengl-window-deez\x64\debug\opengl-w.403f37b5.tlog\cl.command.1.tlog
c:\projects\opengl-window-deez\opengl-window-deez\x64\debug\opengl-w.403f37b5.tlog\cl.items.tlog
c:\projects\opengl-window-deez\opengl-window-deez\x64\debug\opengl-w.403f37b5.tlog\cl.read.1.tlog
c:\projects\opengl-window-deez\opengl-window-deez\x64\debug\opengl-w.403f37b5.tlog\cl.write.1.tlog
c:\projects\opengl-window-deez\opengl-window-deez\x64\debug\opengl-w.403f37b5.tlog\link-cvtres.read.1.tlog
c:\projects\opengl-window-deez\opengl-window-deez\x64\debug\opengl-w.403f37b5.tlog\link-cvtres.write.1.tlog
c:\projects\opengl-window-deez\opengl-window-deez\x64\debug\opengl-w.403f37b5.tlog\link-rc.read.1.tlog
c:\projects\opengl-window-deez\opengl-window-deez\x64\debug\opengl-w.403f37b5.tlog\link-rc.write.1.tlog
c:\projects\opengl-window-deez\opengl-window-deez\x64\debug\opengl-w.403f37b5.tlog\link.17744-cvtres.read.1.tlog
c:\projects\opengl-window-deez\opengl-window-deez\x64\debug\opengl-w.403f37b5.tlog\link.17744-cvtres.write.1.tlog
c:\projects\opengl-window-deez\opengl-window-deez\x64\debug\opengl-w.403f37b5.tlog\link.17744-rc.read.1.tlog
c:\projects\opengl-window-deez\opengl-window-deez\x64\debug\opengl-w.403f37b5.tlog\link.17744-rc.write.1.tlog
c:\projects\opengl-window-deez\opengl-window-deez\x64\debug\opengl-w.403f37b5.tlog\link.17744.read.1.tlog
c:\projects\opengl-window-deez\opengl-window-deez\x64\debug\opengl-w.403f37b5.tlog\link.17744.read.2.tlog
c:\projects\opengl-window-deez\opengl-window-deez\x64\debug\opengl-w.403f37b5.tlog\link.17744.write.1.tlog
c:\projects\opengl-window-deez\opengl-window-deez\x64\debug\opengl-w.403f37b5.tlog\link.command.1.tlog
c:\projects\opengl-window-deez\opengl-window-deez\x64\debug\opengl-w.403f37b5.tlog\link.read.1.tlog
c:\projects\opengl-window-deez\opengl-window-deez\x64\debug\opengl-w.403f37b5.tlog\link.read.2.tlog
c:\projects\opengl-window-deez\opengl-window-deez\x64\debug\opengl-w.403f37b5.tlog\link.write.1.tlog
